Arguments: 
  C:\Program Files\nodejs\node.exe C:\Program Files (x86)\Yarn\bin\yarn.js install

PATH: 
  C:\Go\bin;C:\ProgramData\Oracle\Java\javapath;C:\windows\system32;C:\windows;C:\windows\System32\Wbem;C:\windows\System32\WindowsPowerShell\v1.0\;C:\Program Files (x86)\Enterprise Vault\EVClient\;C:\Program Files\Git\cmd;C:\Users\u13589\AppData\Roaming\npm;C:\Program Files (x86)\Yarn\bin\;c:\Program Files (x86)\Microsoft SQL Server\100\Tools\Binn\;c:\Program Files\Microsoft SQL Server\100\Tools\Binn\;c:\Program Files\Microsoft SQL Server\100\DTS\Binn\;c:\Program Files (x86)\Microsoft SQL Server\110\Tools\Binn\ManagementStudio\;c:\Program Files (x86)\Microsoft SQL Server\110\Tools\Binn\;c:\Program Files\Microsoft SQL Server\110\Tools\Binn\;c:\Program Files (x86)\Microsoft SQL Server\110\DTS\Binn\;C:\Program Files (x86)\Windows Kits\8.1\Windows Performance Toolkit\;C:\Program Files\Microsoft SQL Server\Client SDK\ODBC\110\Tools\Binn\;C:\Program Files (x86)\Microsoft SQL Server\120\Tools\Binn\;C:\Program Files\Microsoft SQL Server\120\Tools\Binn\;C:\Program Files\Microsoft SQL Server\120\DTS\Binn\;C:\Program Files\nodejs\;C:\Users\u13589\AppData\Local\Microsoft\WindowsApps;C:\Users\u13589\AppData\Local\atom\bin;C:\Users\u13589\AppData\Local\Yarn\bin;D:\Microsoft VS Code\bin;C:\Users\u13589\go\bin;C:\Users\u13589\AppData\Roaming\npm

Yarn version: 
  1.12.3

Node version: 
  10.16.1

Platform: 
  win32 x64

Trace: 
  Error: EPERM: operation not permitted, open 'D:\authjs\node_modules\html-webpack-plugin\node_modules\.bin\webpack.cmd'

npm manifest: 
  {
    "name": "root",
    "private": true,
    "scripts": {
      "storybook": "start-storybook -p 5555",
      "bootstrap": "lerna bootstrap --use-workspaces",
      "rtcjs:start": "concurrently \"cross-env NODE_ENV=development rollup -c rollup.config.dev.js -w\" \" nodemon --exec babel-node rtcjs/rtc-demo/server/index.js \" ",
      "authjs:start": "concurrently \"cross-env NODE_ENV=development rollup -c rollup.config.dev.js -w\" \" nodemon --exec babel-node authjs/rtcdemo/server/index.js \" ",
      "xaf:start": "concurrently \"cross-env NODE_ENV=development rollup -c rollup.config.dev.js -w\" \" nodemon --exec babel-node xaf/demo/server/index.js \" ",
      "mongodbjs:start": "concurrently \"cross-env NODE_ENV=development rollup -c rollup.config.dev.js -w\" \" nodemon --exec babel-node mongodbjs/demo/server/index.js \" ",
      "install": "",
      "server": " nodemon --exec babel-node demo/server/index.js",
      "dev": "babel demo/server -d demo/dist && node demo/dist/index.js"
    },
    "devDependencies": {
      "@babel/cli": "^7.5.5",
      "@babel/core": "^7.5.5",
      "@babel/node": "^7.5.5",
      "@babel/plugin-proposal-class-properties": "7.4.0",
      "@babel/plugin-proposal-export-default-from": "7.2.0",
      "@babel/plugin-proposal-optional-chaining": "^7.2.0",
      "@babel/plugin-syntax-dynamic-import": "7.2.0",
      "@babel/plugin-transform-modules-commonjs": "^7.4.4",
      "@babel/plugin-transform-runtime": "7.4.0",
      "@babel/preset-env": "^7.5.5",
      "@babel/preset-react": "7.0.0",
      "@babel/register": "^7.5.5",
      "@storybook/react": "^5.0.11",
      "axios": "0.19.0",
      "babel-loader": "8.0.5",
      "babel-polyfill": "^6.26.0",
      "babel-runtime": "^6.26.0",
      "bcrypt": "^3.0.6",
      "body-parser": "^1.19.0",
      "bson-objectid": "^1.3.0",
      "classnames": "2.2.6",
      "concurrently": "^4.1.0",
      "cors": "2.8.5",
      "cross-env": "5.2.0",
      "cypress": "^3.3.1",
      "dotenv": "8.0.0",
      "express": "4.16.4",
      "express-jwt": "^5.3.1",
      "jquery": "^3.4.1",
      "jsonwebtoken": "^8.5.1",
      "jwt-decode": "^2.2.0",
      "lerna": "^3.7.1",
      "mongodb": "3.3.0-beta2",
      "nodemailer": "6.3.0",
      "nodemon": "1.18.11",
      "prop-types": "15.7.2",
      "react": "^16.8.6",
      "react-dom": "^16.8.6",
      "react-icons": "^3.7.0",
      "react-router-dom": "^5.0.1",
      "react-scroll": "^1.7.13",
      "react-test-renderer": "16.8.6",
      "react-vertical-timeline-component": "^2.4.0",
      "rimraf": "2.6.3",
      "rollup": "1.0.0",
      "rollup-plugin-analyzer": "^3.0.1",
      "rollup-plugin-babel": "4.3.2",
      "rollup-plugin-commonjs": "9.2.0",
      "rollup-plugin-copy": "^3.1.0",
      "rollup-plugin-eslint": "^6.0.0",
      "rollup-plugin-image": "^1.0.2",
      "rollup-plugin-livereload": "^1.0.0",
      "rollup-plugin-node-globals": "^1.4.0",
      "rollup-plugin-node-resolve": "4.0.1",
      "rollup-plugin-postcss": "^2.0.3",
      "rollup-plugin-replace": "2.1.1",
      "rollup-plugin-serve": "1.0.1",
      "rollup-plugin-svg": "1.0.1",
      "rollup-plugin-terser": "^5.0.0",
      "rollup-plugin-uglify": "6.0.2"
    },
    "workspaces": [
      "packages/*",
      "xaf/*",
      "mongodbjs/*",
      "authjs/*",
      "rtcjs/*"
    ]
  }

yarn manifest: 
  No manifest

Lockfile: 
  No lockfile
